<?xml version="1.0" encoding="UTF-8"?>
<testsuite name="com.labs.lab4.Lab4ApplicationTests" tests="1" skipped="0" failures="0" errors="0" timestamp="2024-05-27T09:31:39" hostname="LAPTOP-JAVA-PA3" time="0.547">
  <properties/>
  <testcase name="contextLoads()" classname="com.labs.lab4.Lab4ApplicationTests" time="0.547"/>
  <system-out><![CDATA[14:31:31.984 [Test worker] INFO org.springframework.test.context.support.AnnotationConfigContextLoaderUtils -- Could not detect default configuration classes for test class [com.labs.lab4.Lab4ApplicationTests]: Lab4ApplicationTests does not declare any static, non-private, non-final, nested classes annotated with @Configuration.
14:31:32.129 [Test worker] INFO org.springframework.boot.test.context.SpringBootTestContextBootstrapper -- Found @SpringBootConfiguration com.labs.lab4.Lab4Application for test class com.labs.lab4.Lab4ApplicationTests

  .   ____          _            __ _ _
 /\\ / ___'_ __ _ _(_)_ __  __ _ \ \ \ \
( ( )\___ | '_ | '_| | '_ \/ _` | \ \ \ \
 \\/  ___)| |_)| | | | | || (_| |  ) ) ) )
  '  |____| .__|_| |_|_| |_\__, | / / / /
 =========|_|==============|___/=/_/_/_/
 :: Spring Boot ::                (v3.2.5)

2024-05-27T14:31:32.726+05:00  INFO 10492 --- [lab4] [    Test worker] com.labs.lab4.Lab4ApplicationTests       : Starting Lab4ApplicationTests using Java 17.0.8 with PID 10492 (started by dCher in C:\JavaProjects\lab4)
2024-05-27T14:31:32.728+05:00  INFO 10492 --- [lab4] [    Test worker] com.labs.lab4.Lab4ApplicationTests       : No active profile set, falling back to 1 default profile: "default"
2024-05-27T14:31:33.892+05:00  INFO 10492 --- [lab4] [    Test worker] .s.d.r.c.RepositoryConfigurationDelegate : Bootstrapping Spring Data JPA repositories in DEFAULT mode.
2024-05-27T14:31:34.040+05:00  INFO 10492 --- [lab4] [    Test worker] .s.d.r.c.RepositoryConfigurationDelegate : Finished Spring Data repository scanning in 130 ms. Found 6 JPA repository interfaces.
2024-05-27T14:31:34.900+05:00  INFO 10492 --- [lab4] [    Test worker] o.hibernate.jpa.internal.util.LogHelper  : HHH000204: Processing PersistenceUnitInfo [name: default]
2024-05-27T14:31:35.041+05:00  INFO 10492 --- [lab4] [    Test worker] org.hibernate.Version                    : HHH000412: Hibernate ORM core version 6.4.4.Final
2024-05-27T14:31:35.098+05:00  INFO 10492 --- [lab4] [    Test worker] o.h.c.internal.RegionFactoryInitiator    : HHH000026: Second-level cache disabled
2024-05-27T14:31:35.438+05:00  INFO 10492 --- [lab4] [    Test worker] o.s.o.j.p.SpringPersistenceUnitInfo      : No LoadTimeWeaver setup: ignoring JPA class transformer
2024-05-27T14:31:35.462+05:00  INFO 10492 --- [lab4] [    Test worker] com.zaxxer.hikari.HikariDataSource       : HikariPool-1 - Starting...
2024-05-27T14:31:35.603+05:00  INFO 10492 --- [lab4] [    Test worker] com.zaxxer.hikari.pool.HikariPool        : HikariPool-1 - Added connection org.postgresql.jdbc.PgConnection@27261190
2024-05-27T14:31:35.605+05:00  INFO 10492 --- [lab4] [    Test worker] com.zaxxer.hikari.HikariDataSource       : HikariPool-1 - Start completed.
2024-05-27T14:31:35.659+05:00  WARN 10492 --- [lab4] [    Test worker] org.hibernate.dialect.Dialect            : HHH000511: The 9.6.0 version for [org.hibernate.dialect.PostgreSQLDialect] is no longer supported, hence certain features may not work properly. The minimum supported version is 12.0.0. Check the community dialects project for available legacy versions.
2024-05-27T14:31:35.666+05:00  WARN 10492 --- [lab4] [    Test worker] org.hibernate.orm.deprecation            : HHH90000025: PostgreSQLDialect does not need to be specified explicitly using 'hibernate.dialect' (remove the property setting and it will be selected by default)
2024-05-27T14:31:36.874+05:00  INFO 10492 --- [lab4] [    Test worker] o.h.e.t.j.p.i.JtaPlatformInitiator       : HHH000489: No JTA platform available (set 'hibernate.transaction.jta.platform' to enable JTA platform integration)
2024-05-27T14:31:37.043+05:00  INFO 10492 --- [lab4] [    Test worker] j.LocalContainerEntityManagerFactoryBean : Initialized JPA EntityManagerFactory for persistence unit 'default'
2024-05-27T14:31:37.762+05:00  INFO 10492 --- [lab4] [    Test worker] o.s.d.j.r.query.QueryEnhancerFactory     : Hibernate is in classpath; If applicable, HQL parser will be used.
2024-05-27T14:31:37.831+05:00  WARN 10492 --- [lab4] [    Test worker] JpaBaseConfiguration$JpaWebConfiguration : spring.jpa.open-in-view is enabled by default. Therefore, database queries may be performed during view rendering. Explicitly configure spring.jpa.open-in-view to disable this warning
2024-05-27T14:31:38.571+05:00  INFO 10492 --- [lab4] [    Test worker] o.s.s.web.DefaultSecurityFilterChain     : Will secure any request with [org.springframework.security.web.session.DisableEncodeUrlFilter@3f0751b0, org.springframework.security.web.context.request.async.WebAsyncManagerIntegrationFilter@3984e2b3, org.springframework.security.web.context.SecurityContextHolderFilter@65a01901, org.springframework.security.web.header.HeaderWriterFilter@35a81281, org.springframework.web.filter.CorsFilter@35bb3fea, org.springframework.security.web.authentication.logout.LogoutFilter@4a2f1ae3, org.springframework.security.web.savedrequest.RequestCacheAwareFilter@77e64a46, org.springframework.security.web.servletapi.SecurityContextHolderAwareRequestFilter@51a73873, org.springframework.security.web.authentication.AnonymousAuthenticationFilter@7f82a71f, org.springframework.security.web.session.SessionManagementFilter@3618486e, org.springframework.security.web.access.ExceptionTranslationFilter@4c5e123d, org.springframework.security.web.access.intercept.AuthorizationFilter@5b8ba1d2]
2024-05-27T14:31:39.294+05:00  INFO 10492 --- [lab4] [    Test worker] com.labs.lab4.Lab4ApplicationTests       : Started Lab4ApplicationTests in 6.905 seconds (process running for 8.579)
]]></system-out>
  <system-err><![CDATA[]]></system-err>
</testsuite>
